2020-09-08 21:26:09 INFO  API Testing:66 - -----------------Start of Scenario-----------------
2020-09-08 21:26:20 INFO  API Testing:165 - Passing URL : https://reqres.in/
2020-09-08 21:26:28 INFO  API Testing:189 - Passing URI : /api/users?page=2
2020-09-08 21:26:28 INFO  API Testing:191 - Getting Response Content {"page":2,"per_page":6,"total":12,"total_pages":2,"data":[{"id":7,"email":"michael.lawson@reqres.in","first_name":"Michael","last_name":"Lawson","avatar":"https://s3.amazonaws.com/uifaces/faces/twitter/follettkyle/128.jpg"},{"id":8,"email":"lindsay.ferguson@reqres.in","first_name":"Lindsay","last_name":"Ferguson","avatar":"https://s3.amazonaws.com/uifaces/faces/twitter/araa3185/128.jpg"},{"id":9,"email":"tobias.funke@reqres.in","first_name":"Tobias","last_name":"Funke","avatar":"https://s3.amazonaws.com/uifaces/faces/twitter/vivekprvr/128.jpg"},{"id":10,"email":"byron.fields@reqres.in","first_name":"Byron","last_name":"Fields","avatar":"https://s3.amazonaws.com/uifaces/faces/twitter/russoedu/128.jpg"},{"id":11,"email":"george.edwards@reqres.in","first_name":"George","last_name":"Edwards","avatar":"https://s3.amazonaws.com/uifaces/faces/twitter/mrmoiree/128.jpg"},{"id":12,"email":"rachel.howell@reqres.in","first_name":"Rachel","last_name":"Howell","avatar":"https://s3.amazonaws.com/uifaces/faces/twitter/hebertialmeida/128.jpg"}],"ad":{"company":"StatusCode Weekly","url":"http://statuscode.org/","text":"A weekly newsletter focusing on software development, infrastructure, the server, performance, and the stack end of things."}}
2020-09-08 21:26:28 INFO  API Testing:97 - Getting Status Code : 200
2020-09-08 21:26:33 INFO  API Testing:142 - Getting Status Line HTTP/1.1 200 OK
2020-09-08 21:26:35 INFO  API Testing:125 - The Content_type is : application/json; charset=utf-8
2020-09-08 21:26:35 INFO  API Testing:127 - Getting Excel Data : application/json; charset=utf-8

2020-09-08 21:26:36 INFO  API Testing:118 - -----------------End of Scenario-----------------
2020-09-08 21:26:38 INFO  API Testing:66 - -----------------Start of Scenario-----------------
2020-09-08 21:26:38 INFO  API Testing:165 - Passing URL : https://reqres.in/
2020-09-08 21:26:43 INFO  API Testing:189 - Passing URI : /api/users/23
2020-09-08 21:26:43 INFO  API Testing:191 - Getting Response Content {}
2020-09-08 21:26:43 INFO  API Testing:97 - Getting Status Code : 404
2020-09-08 21:26:47 INFO  API Testing:142 - Getting Status Line HTTP/1.1 404 Not Found
2020-09-08 21:26:49 INFO  API Testing:125 - The Content_type is : application/json; charset=utf-8
2020-09-08 21:26:49 INFO  API Testing:127 - Getting Excel Data : application/json; charset=utf-8

2020-09-08 21:26:49 INFO  API Testing:118 - -----------------End of Scenario-----------------
2020-09-08 21:26:49 INFO  API Testing:66 - -----------------Start of Scenario-----------------
2020-09-08 21:26:50 INFO  API Testing:165 - Passing URL : https://petstore.swagger.io/v2
2020-09-08 21:26:55 INFO  API Testing:189 - Passing URI : /pet/101
2020-09-08 21:26:55 INFO  API Testing:191 - Getting Response Content {"code":1,"type":"error","message":"Pet not found"}
2020-09-08 21:26:55 INFO  API Testing:97 - Getting Status Code : 404
2020-09-08 21:26:58 INFO  API Testing:142 - Getting Status Line HTTP/1.1 404 Not Found
2020-09-08 21:27:00 INFO  API Testing:125 - The Content_type is : application/json
2020-09-08 21:27:00 INFO  API Testing:127 - Getting Excel Data : application/json; charset=utf-8

2020-09-08 21:27:00 INFO  API Testing:118 - -----------------End of Scenario-----------------
2020-09-08 21:27:00 INFO  API Testing:66 - -----------------Start of Scenario-----------------
2020-09-08 21:27:01 INFO  API Testing:165 - Passing URL : https://petstore.swagger.io/v2
2020-09-08 21:27:06 INFO  API Testing:189 - Passing URI : /store/order/15
2020-09-08 21:27:06 INFO  API Testing:191 - Getting Response Content {"id":15,"petId":0,"quantity":0,"shipDate":"2020-01-20T13:40:02.204+0000","status":"placed","complete":true}
2020-09-08 21:27:06 INFO  API Testing:97 - Getting Status Code : 200
2020-09-08 21:27:09 INFO  API Testing:142 - Getting Status Line HTTP/1.1 200 OK
2020-09-08 21:27:11 INFO  API Testing:125 - The Content_type is : application/json
2020-09-08 21:27:11 INFO  API Testing:127 - Getting Excel Data : application/json; charset=utf-8

2020-09-08 21:27:11 INFO  API Testing:118 - -----------------End of Scenario-----------------
2020-09-08 21:27:12 INFO  API Testing:66 - -----------------Start of Scenario-----------------
2020-09-08 21:27:12 INFO  API Testing:165 - Passing URL : https://gorest.co.in
2020-09-08 21:27:16 INFO  API Testing:189 - Passing URI : /public-api/users
2020-09-08 21:27:16 INFO  API Testing:191 - Getting Response Content {"code":200,"meta":{"pagination":{"total":1798,"pages":90,"page":1,"limit":20}},"data":[{"id":1,"name":"Chandrakala Bhattacharya","email":"chandrakala_bhattacharya@kuhlman.io","gender":"Male","status":"Active","created_at":"2020-09-08T03:50:03.441+05:30","updated_at":"2020-09-08T03:50:03.441+05:30"},{"id":2,"name":"Jagdeep Gill","email":"gill_jagdeep@dach-morar.co","gender":"Male","status":"Inactive","created_at":"2020-09-08T03:50:03.457+05:30","updated_at":"2020-09-08T03:50:03.457+05:30"},{"id":3,"name":"Miss Aadidev Varrier","email":"aadidev_miss_varrier@lindgren.info","gender":"Male","status":"Inactive","created_at":"2020-09-08T03:50:03.461+05:30","updated_at":"2020-09-08T03:50:03.461+05:30"},{"id":4,"name":"Gita Panicker","email":"gita_panicker@anderson.io","gender":"Male","status":"Inactive","created_at":"2020-09-08T03:50:03.481+05:30","updated_at":"2020-09-08T03:50:03.481+05:30"},{"id":5,"name":"Malti Pillai","email":"malti_pillai@kunze.name","gender":"Female","status":"Inactive","created_at":"2020-09-08T03:50:03.520+05:30","updated_at":"2020-09-08T03:50:03.520+05:30"},{"id":6,"name":"Manisha Embranthiri","email":"embranthiri_manisha@morar.io","gender":"Female","status":"Inactive","created_at":"2020-09-08T03:50:03.543+05:30","updated_at":"2020-09-08T03:50:03.543+05:30"},{"id":7,"name":"Gayatri Ahuja","email":"gayatri_ahuja@connelly.com","gender":"Female","status":"Active","created_at":"2020-09-08T03:50:03.553+05:30","updated_at":"2020-09-08T03:50:03.553+05:30"},{"id":8,"name":"Bhagwati Kakkar","email":"kakkar_bhagwati@hartmann-greenfelder.com","gender":"Male","status":"Active","created_at":"2020-09-08T03:50:03.568+05:30","updated_at":"2020-09-08T03:50:03.568+05:30"},{"id":9,"name":"Himani Bharadwaj","email":"bharadwaj_himani@champlin.biz","gender":"Male","status":"Active","created_at":"2020-09-08T03:50:03.598+05:30","updated_at":"2020-09-08T03:50:03.598+05:30"},{"id":10,"name":"Deeptiman Sinha Esq.","email":"sinha_deeptiman_esq@schamberger-hansen.co","gender":"Male","status":"Inactive","created_at":"2020-09-08T03:50:03.619+05:30","updated_at":"2020-09-08T03:50:03.619+05:30"},{"id":11,"name":"Priyala Varrier","email":"priyala_varrier@bashirian.co","gender":"Female","status":"Inactive","created_at":"2020-09-08T03:50:03.622+05:30","updated_at":"2020-09-08T03:50:03.622+05:30"},{"id":12,"name":"Dwaipayan Shah","email":"shah_dwaipayan@harber.io","gender":"Female","status":"Inactive","created_at":"2020-09-08T03:50:03.651+05:30","updated_at":"2020-09-08T03:50:03.651+05:30"},{"id":13,"name":"Deeksha Varman","email":"varman_deeksha@kautzer.biz","gender":"Female","status":"Inactive","created_at":"2020-09-08T03:50:03.661+05:30","updated_at":"2020-09-08T03:50:03.661+05:30"},{"id":14,"name":"Akshat Khanna","email":"khanna_akshat@jacobi.com","gender":"Male","status":"Active","created_at":"2020-09-08T03:50:03.691+05:30","updated_at":"2020-09-08T03:50:03.691+05:30"},{"id":15,"name":"Keerti Varrier","email":"varrier_keerti@franecki.io","gender":"Female","status":"Active","created_at":"2020-09-08T03:50:03.701+05:30","updated_at":"2020-09-08T03:50:03.701+05:30"},{"id":16,"name":"Aadinath Talwar","email":"aadinath_talwar@bergstrom.io","gender":"Male","status":"Inactive","created_at":"2020-09-08T03:50:03.725+05:30","updated_at":"2020-09-08T03:50:03.725+05:30"},{"id":17,"name":"Miss Chetan Ganaka","email":"miss_chetan_ganaka@kertzmann.info","gender":"Male","status":"Active","created_at":"2020-09-08T03:50:03.733+05:30","updated_at":"2020-09-08T03:50:03.733+05:30"},{"id":18,"name":"Chetan Bhattacharya","email":"bhattacharya_chetan@wintheiser.net","gender":"Female","status":"Inactive","created_at":"2020-09-08T03:50:03.754+05:30","updated_at":"2020-09-08T03:50:03.754+05:30"},{"id":19,"name":"Kannan Naik","email":"kannan_naik@jerde.net","gender":"Female","status":"Inactive","created_at":"2020-09-08T03:50:03.761+05:30","updated_at":"2020-09-08T03:50:03.761+05:30"},{"id":20,"name":"Rahul Abbott","email":"rahul_abbott@fahey.co","gender":"Male","status":"Inactive","created_at":"2020-09-08T03:50:03.786+05:30","updated_at":"2020-09-08T03:50:03.786+05:30"}]}
2020-09-08 21:27:16 INFO  API Testing:97 - Getting Status Code : 200
2020-09-08 21:27:19 INFO  API Testing:142 - Getting Status Line HTTP/1.1 200 OK
2020-09-08 21:27:21 INFO  API Testing:125 - The Content_type is : application/json; charset=utf-8
2020-09-08 21:27:21 INFO  API Testing:127 - Getting Excel Data : application/json; charset=utf-8

2020-09-08 21:27:21 INFO  API Testing:118 - -----------------End of Scenario-----------------
2020-09-08 21:27:22 INFO  API Testing:66 - -----------------Start of Scenario-----------------
2020-09-08 21:27:23 INFO  API Testing:165 - Passing URL : https://reqres.in/
2020-09-08 21:27:31 INFO  API Testing:223 - Passing URI : /api/users
2020-09-08 21:27:31 INFO  API Testing:225 - Getting Response Content {"name":"Koushick Sudharsanam","job":"QA Engineer","id":"395","createdAt":"2020-09-08T15:57:31.629Z"}
2020-09-08 21:27:31 INFO  API Testing:97 - Getting Status Code : 201
2020-09-08 21:27:38 INFO  API Testing:142 - Getting Status Line HTTP/1.1 201 Created
2020-09-08 21:27:41 INFO  API Testing:125 - The Content_type is : application/json; charset=utf-8
2020-09-08 21:27:41 INFO  API Testing:127 - Getting Excel Data : application/json; charset=utf-8

2020-09-08 21:27:41 INFO  API Testing:118 - -----------------End of Scenario-----------------
2020-09-08 21:27:42 INFO  API Testing:66 - -----------------Start of Scenario-----------------
2020-09-08 21:27:42 INFO  API Testing:165 - Passing URL : https://petstore.swagger.io/v2
2020-09-08 21:27:48 INFO  API Testing:223 - Passing URI : /pet
2020-09-08 21:27:48 INFO  API Testing:225 - Getting Response Content {"id":1500,"category":{"id":1500,"name":"Arun"},"name":"doberman","photoUrls":["string"],"tags":[{"id":1500,"name":"Arun"}],"status":"available"}
2020-09-08 21:27:48 INFO  API Testing:97 - Getting Status Code : 200
2020-09-08 21:27:51 INFO  API Testing:142 - Getting Status Line HTTP/1.1 200 OK
2020-09-08 21:27:53 INFO  API Testing:125 - The Content_type is : application/json
2020-09-08 21:27:53 INFO  API Testing:127 - Getting Excel Data : application/json; charset=utf-8

2020-09-08 21:27:53 INFO  API Testing:118 - -----------------End of Scenario-----------------
2020-09-08 21:27:53 INFO  API Testing:66 - -----------------Start of Scenario-----------------
2020-09-08 21:27:53 INFO  API Testing:165 - Passing URL : https://petstore.swagger.io/v2
2020-09-08 21:27:59 INFO  API Testing:223 - Passing URI : /store/order
2020-09-08 21:27:59 INFO  API Testing:225 - Getting Response Content {"id":15,"petId":45,"quantity":2,"shipDate":"2020-01-18T11:29:05.242+0000","status":"placed","complete":true}
2020-09-08 21:27:59 INFO  API Testing:97 - Getting Status Code : 200
2020-09-08 21:28:02 INFO  API Testing:142 - Getting Status Line HTTP/1.1 200 OK
2020-09-08 21:28:04 INFO  API Testing:125 - The Content_type is : application/json
2020-09-08 21:28:04 INFO  API Testing:127 - Getting Excel Data : application/json; charset=utf-8

2020-09-08 21:28:04 INFO  API Testing:118 - -----------------End of Scenario-----------------
2020-09-08 21:28:05 INFO  API Testing:66 - -----------------Start of Scenario-----------------
2020-09-08 21:28:05 INFO  API Testing:165 - Passing URL : https://reqres.in/
2020-09-08 21:28:09 INFO  API Testing:232 - Passing URI : /api/users/2
2020-09-08 21:28:09 INFO  API Testing:234 - Getting Response Content {"name":"Koushick","job":"Test Engineer","updatedAt":"2020-09-08T15:58:10.044Z"}
2020-09-08 21:28:09 INFO  API Testing:97 - Getting Status Code : 200
2020-09-08 21:28:12 INFO  API Testing:142 - Getting Status Line HTTP/1.1 200 OK
2020-09-08 21:28:15 INFO  API Testing:125 - The Content_type is : application/json; charset=utf-8
2020-09-08 21:28:15 INFO  API Testing:127 - Getting Excel Data : application/json; charset=utf-8

2020-09-08 21:28:15 INFO  API Testing:118 - -----------------End of Scenario-----------------
2020-09-08 21:28:15 INFO  API Testing:66 - -----------------Start of Scenario-----------------
2020-09-08 21:28:15 INFO  API Testing:165 - Passing URL : https://petstore.swagger.io/v2
2020-09-08 21:28:21 INFO  API Testing:232 - Passing URI : /pet
2020-09-08 21:28:21 INFO  API Testing:234 - Getting Response Content {"id":11,"category":{"id":11,"name":"string"},"name":"Dineshkumar","photoUrls":["string"],"tags":[{"id":11,"name":"string"}],"status":"available"}
2020-09-08 21:28:21 INFO  API Testing:97 - Getting Status Code : 200
2020-09-08 21:28:23 INFO  API Testing:142 - Getting Status Line HTTP/1.1 200 OK
2020-09-08 21:28:25 INFO  API Testing:125 - The Content_type is : application/json
2020-09-08 21:28:25 INFO  API Testing:127 - Getting Excel Data : application/json; charset=utf-8

2020-09-08 21:28:25 INFO  API Testing:118 - -----------------End of Scenario-----------------
2023-07-04 22:38:59 INFO  API Testing:66 - -----------------Start of Scenario-----------------
2023-07-04 22:39:00 INFO  API Testing:163 - Passing URL : https://bookstore.toolsqa.com
2023-07-04 22:39:07 INFO  API Testing:221 - Passing URI : /Account/v1/User
2023-07-04 22:39:07 INFO  API Testing:223 - Getting Response Content {"code":"1204","message":"User exists!"}
2023-07-04 22:39:07 INFO  API Testing:95 - Getting Status Code : 406
2023-07-04 22:39:09 INFO  API Testing:140 - Getting Status Line HTTP/1.1 406 Not Acceptable
2023-07-04 22:39:12 INFO  API Testing:123 - The Content_type is : application/json; charset=utf-8
2023-07-04 22:39:12 INFO  API Testing:125 - Getting Excel Data : 
2023-07-04 22:39:12 INFO  API Testing:118 - -----------------End of Scenario-----------------
2023-07-04 22:39:12 INFO  API Testing:66 - -----------------Start of Scenario-----------------
2023-07-04 22:39:12 INFO  API Testing:163 - Passing URL : https://bookstore.toolsqa.com
2023-07-04 22:39:17 INFO  API Testing:221 - Passing URI : /Account/v1/GenerateToken
2023-07-04 22:39:17 INFO  API Testing:223 - Getting Response Content {"token":"eyJhbGciOiJIUzI1NiIsInR5cCI6IkpXVCJ9.eyJ1c2VyTmFtZSI6ImpzaW5sb3ZlIiwicGFzc3dvcmQiOiJKc2lubG92ZUAhMTU1IiwiaWF0IjoxNjg4NDkwNTU3fQ.OzmGVKvp9j8w9RM0piiQ6lQAvxatRmpj__GDg0uOOYM","expires":"2023-07-11T17:09:17.613Z","status":"Success","result":"User authorized successfully."}
2023-07-04 22:39:17 INFO  API Testing:95 - Getting Status Code : 200
2023-07-04 22:39:19 INFO  API Testing:140 - Getting Status Line HTTP/1.1 200 OK
2023-07-04 22:39:22 INFO  API Testing:123 - The Content_type is : application/json; charset=utf-8
2023-07-04 22:39:22 INFO  API Testing:125 - Getting Excel Data : 
2023-07-04 22:39:22 INFO  API Testing:118 - -----------------End of Scenario-----------------
2023-07-04 22:39:22 INFO  API Testing:66 - -----------------Start of Scenario-----------------
2023-07-04 22:39:22 INFO  API Testing:163 - Passing URL : https://bookstore.toolsqa.com
2023-07-04 22:39:27 INFO  API Testing:221 - Passing URI : /Account/v1/Authorized
2023-07-04 22:39:27 INFO  API Testing:223 - Getting Response Content true
2023-07-04 22:39:27 INFO  API Testing:95 - Getting Status Code : 200
2023-07-04 22:59:24 INFO  API Testing:66 - -----------------Start of Scenario-----------------
2023-07-04 22:59:26 INFO  API Testing:163 - Passing URL : https://bookstore.toolsqa.com
2023-07-04 22:59:32 INFO  API Testing:221 - Passing URI : /Account/v1/User
2023-07-04 22:59:32 INFO  API Testing:223 - Getting Response Content {"code":"1204","message":"User exists!"}
2023-07-04 22:59:32 INFO  API Testing:95 - Getting Status Code : 406
2023-07-04 22:59:35 INFO  API Testing:140 - Getting Status Line HTTP/1.1 406 Not Acceptable
2023-07-04 22:59:37 INFO  API Testing:123 - The Content_type is : application/json; charset=utf-8
2023-07-04 22:59:37 INFO  API Testing:125 - Getting Excel Data : 
2023-07-04 22:59:37 INFO  API Testing:118 - -----------------End of Scenario-----------------
2023-07-04 22:59:38 INFO  API Testing:66 - -----------------Start of Scenario-----------------
2023-07-04 22:59:38 INFO  API Testing:163 - Passing URL : https://bookstore.toolsqa.com
2023-07-04 22:59:43 INFO  API Testing:221 - Passing URI : /Account/v1/GenerateToken
2023-07-04 22:59:43 INFO  API Testing:223 - Getting Response Content {"token":"eyJhbGciOiJIUzI1NiIsInR5cCI6IkpXVCJ9.eyJ1c2VyTmFtZSI6ImpzaW5sb3ZlIiwicGFzc3dvcmQiOiJKc2lubG92ZUAhMTU1IiwiaWF0IjoxNjg4NDkxNzgzfQ.mfR7bS8CIAMqUrrUhUKpHrJnd3YZltMlPXDmeX_CLUg","expires":"2023-07-11T17:29:43.394Z","status":"Success","result":"User authorized successfully."}
2023-07-04 22:59:43 INFO  API Testing:95 - Getting Status Code : 200
2023-07-04 22:59:45 INFO  API Testing:140 - Getting Status Line HTTP/1.1 200 OK
2023-07-04 22:59:47 INFO  API Testing:123 - The Content_type is : application/json; charset=utf-8
2023-07-04 22:59:47 INFO  API Testing:125 - Getting Excel Data : 
2023-07-04 22:59:47 INFO  API Testing:118 - -----------------End of Scenario-----------------
2023-07-04 22:59:48 INFO  API Testing:66 - -----------------Start of Scenario-----------------
2023-07-04 22:59:48 INFO  API Testing:163 - Passing URL : https://bookstore.toolsqa.com
2023-07-04 22:59:52 INFO  API Testing:221 - Passing URI : /Account/v1/Authorized
2023-07-04 22:59:52 INFO  API Testing:223 - Getting Response Content true
2023-07-04 22:59:52 INFO  API Testing:95 - Getting Status Code : 200
